<?xml version="1.0" encoding="UTF-8"?>
<!-- Generated by org.testng.reporters.JUnitReportReporter -->
<testsuite hostname="LAPTOP-8PQKFV8G" failures="0" tests="3" name="Framework.Practice.APIDemoTEst" time="74.011" errors="0" timestamp="2022-03-25T16:33:10 CDT" skipped="0">
  <testcase classname="Framework.Practice.APIDemoTEst" name="APIDemo" time="25.132"/>
  <system-out/>
  <testcase classname="Framework.Practice.APIDemoTEst" name="APIDemo" time="23.218"/>
  <system-out/>
  <testcase classname="Framework.Practice.APIDemoTEst" name="APIDemo" time="25.661"/>
  <system-out/>
</testsuite> <!-- Framework.Practice.APIDemoTEst -->
