<?xml version="1.0" encoding="UTF-8"?>
<!-- Generated by org.testng.reporters.JUnitReportReporter -->
<testsuite hostname="LAPTOP-8PQKFV8G" failures="0" tests="1" name="Framework.Practice.ECommerce1Test" time="35.683" errors="0" timestamp="2022-03-25T16:33:10 CDT" skipped="0">
  <testcase classname="Framework.Practice.ECommerce1Test" name="Ecommerce" time="35.683"/>
  <system-out/>
</testsuite> <!-- Framework.Practice.ECommerce1Test -->
