<?xml version="1.0" encoding="UTF-8"?>
<!-- Generated by org.testng.reporters.JUnitReportReporter -->
<testsuite hostname="LAPTOP-8PQKFV8G" failures="0" tests="2" name="Framework.Practice.APIDemoTEst" time="50.053" errors="0" timestamp="2022-03-23T16:06:16 CDT" skipped="0">
  <testcase classname="Framework.Practice.APIDemoTEst" name="APIDemo" time="23.998"/>
  <system-out/>
  <testcase classname="Framework.Practice.APIDemoTEst" name="APIDemo" time="26.055"/>
  <system-out/>
</testsuite> <!-- Framework.Practice.APIDemoTEst -->
