<?xml version="1.0" encoding="UTF-8"?>
<!-- Generated by org.testng.reporters.JUnitReportReporter -->
<testsuite hostname="LAPTOP-8PQKFV8G" failures="0" tests="1" name="Framework.Practice.ECommerce1Test" time="44.005" errors="0" timestamp="2022-03-23T16:06:16 CDT" skipped="0">
  <testcase classname="Framework.Practice.ECommerce1Test" name="Ecommerce" time="44.005"/>
  <system-out/>
</testsuite> <!-- Framework.Practice.ECommerce1Test -->
