<?xml version="1.0" encoding="UTF-8"?>
<!-- Generated by org.testng.reporters.JUnitReportReporter -->
<testsuite skipped="0" hostname="LAPTOP-8PQKFV8G" name="Framework.Practice.APIDemoTEst" tests="2" failures="0" timestamp="2022-03-21T16:26:07 CDT" time="56.837" errors="0">
  <testcase name="APIDemo" time="29.059" classname="Framework.Practice.APIDemoTEst"/>
  <system-out/>
  <testcase name="APIDemo" time="27.778" classname="Framework.Practice.APIDemoTEst"/>
  <system-out/>
</testsuite> <!-- Framework.Practice.APIDemoTEst -->
