<?xml version="1.0" encoding="UTF-8"?>
<!-- Generated by org.testng.reporters.JUnitReportReporter -->
<testsuite skipped="0" hostname="LAPTOP-8PQKFV8G" name="Framework.Practice.ECommerce1Test" tests="1" failures="0" timestamp="2022-03-21T16:26:07 CDT" time="43.012" errors="0">
  <testcase name="Ecommerce" time="43.012" classname="Framework.Practice.ECommerce1Test"/>
  <system-out/>
</testsuite> <!-- Framework.Practice.ECommerce1Test -->
